20230301	22:57:36	c12050c6-2c21-4574-b7f7-c628074a910c	GET	/	undefined
20230301	22:57:36	afe0181f-75e4-4eaa-97b8-6392db6f0af5	GET	/css/style.css	undefined
20230301	22:57:40	8b8d8bc7-e31d-4c16-958d-662d8ec687e5	GET	/css/style.css	undefined
20230301	22:57:48	6457bf49-3ca9-4e7d-b25a-975ecbed38cb	GET	/	undefined
20230301	22:57:48	9f3b5bdf-b608-4f5c-91ab-b638371b0e69	GET	/css/style.css	undefined
20230301	22:57:52	1afacedf-8169-4aed-a96e-f315687695ce	GET	/	undefined
20230301	22:57:52	9e2a9b1a-45a5-4f86-a022-15242ca9c3f3	GET	/css/style.css	undefined
20230301	22:59:03	dd973035-f739-4d0c-8fa3-68a20871752e	GET	/	undefined
20230301	22:59:03	59bb0335-be6c-41e3-80ad-b01a12c1421c	GET	/css/style.css	undefined
20230302	00:17:12	7720ef8c-e1d1-4583-9519-b1d8e2fef407	OPTIONS	/	https://www.google.com
20230302	00:17:12	84fd7793-f1e7-4348-8109-0015e78a8d9c	GET	/	https://www.google.com
20230302	00:22:23	10acbb14-7581-4585-bcf1-c6ac452d4bbb	GET	/	undefined
20230302	00:22:27	33b2bd14-7f9e-4d05-b102-5e9ecf91fc4e	OPTIONS	/	https://www.google.com
20230302	00:22:27	4cc1266e-8a32-4d62-a7e3-1b23c011890c	GET	/	https://www.google.com
20230302	00:23:02	6ff51192-106f-42bc-ba60-d50eed5d01c1	OPTIONS	/	https://www.google.com
20230302	00:23:22	f19716d2-df37-457e-896b-35d297ef4bfc	GET	/	https://www.google.com
20230304	15:37:12	3f91afb2-fae6-463b-ba40-11f32fcdfa3c	GET	/	undefined
20230304	15:37:14	b3719015-158a-4e75-897a-64ac860e942d	GET	/	undefined
20230304	15:37:38	2f12747b-2257-44e7-a2dd-86534024f97d	GET	/	undefined
20230304	15:54:09	397a25c1-cbf0-40d0-918f-03e42858d870	GET	/	undefined
20230304	15:56:18	d876defc-8460-4619-93c9-aed0d91dfa93	GET	/	undefined
20230304	15:57:40	83d1a83e-6a33-42c5-b411-15597968c07c	GET	/	undefined
20230304	16:00:16	872f29af-51a9-4a4b-bb79-691270ede348	GET	/	undefined
20230304	16:08:39	a61c1d28-fd93-4589-8fbc-b201edd6f663	GET	/	undefined
20230304	16:23:58	535cda02-7610-481a-9585-ebb912d2ad55	GET	/	undefined
20230304	16:44:12	52972cff-3fbc-43e2-8af8-bbe076048df0	GET	/	undefined
20230304	17:07:43	736f0cdd-0336-4325-8a1c-452330c78568	OPTIONS	/	https://www.google.com
20230304	17:07:43	ac1eb147-5f5f-4083-a784-395b9e7c2e62	GET	/	https://www.google.com
20230304	17:31:49	4fd88ab5-ddf1-4f19-a763-f5d85301c6f6	GET	/	undefined
20230306	23:05:48	2d7bd63b-5e5f-4850-be2e-c34457631a2f	GET	/users	undefined
20230306	23:13:16	28b3a63b-bde2-4ef1-b8dd-6b32ce1255e4	GET	/users	undefined
20230306	23:16:21	48048d2f-e6ec-46e5-a973-0bdfe7c34923	GET	/users	undefined
20230306	23:17:20	f5b2d508-de94-4cfd-ad7d-6e24c9b289d4	GET	/users	undefined
20230306	23:17:37	64c38df0-9fb7-417b-8883-874e634a045d	GET	/users	undefined
20230306	23:20:00	276b0cd6-adee-428f-9264-7288ab7143f3	GET	/users	undefined
20230306	23:20:57	4f5f0d1a-5235-4748-8e7b-7c08d28cc5aa	GET	/users	undefined
20230306	23:21:01	014c67fe-6b5f-4c6d-a148-5fddd4d06222	GET	/users	undefined
20230306	23:24:23	887e1fc5-b6a8-44f0-b65f-572f1e2d7288	GET	/users	undefined
20230306	23:26:45	b7012719-cb34-4830-90ee-c66dae55587c	GET	/users	undefined
20230306	23:32:14	fc801134-de76-4062-9691-8e72844b1abb	POST	/users	undefined
20230306	23:34:55	f791fa15-e871-4039-9368-e725dcf30512	POST	/users	undefined
20230306	23:36:32	310bddfb-45b3-4ff6-862f-73e90d0d8973	POST	/users	undefined
20230306	23:36:57	a81a858e-fa60-431e-81f0-206d9d6d07b2	POST	/users	undefined
20230306	23:38:01	b349e6e0-e4ec-4fc0-80be-3291a2d5e271	GET	/users	undefined
20230306	23:38:39	d048790d-03fd-4e53-9932-a887dd4331fb	POST	/users	undefined
20230306	23:43:10	4c550416-c936-4a96-864e-b58010f910c0	POST	/users	undefined
20230306	23:43:52	49271509-33c3-46db-b3ab-6ce455a1084f	GET	/users	undefined
